c:\users\fsumm\documents\block_b\raytracingproject\raytracingproject\x64\debug\raytracingproject.pch
c:\users\fsumm\documents\block_b\raytracingproject\raytracingproject\x64\debug\vc142.pdb
c:\users\fsumm\documents\block_b\raytracingproject\raytracingproject\x64\debug\vc142.idb
c:\users\fsumm\documents\block_b\raytracingproject\raytracingproject\x64\debug\precomp.obj
c:\users\fsumm\documents\block_b\raytracingproject\raytracingproject\x64\debug\textures.obj
c:\users\fsumm\documents\block_b\raytracingproject\raytracingproject\x64\debug\aabb.obj
c:\users\fsumm\documents\block_b\raytracingproject\raytracingproject\x64\debug\ray.obj
c:\users\fsumm\documents\block_b\raytracingproject\raytracingproject\x64\debug\bvhnode.obj
c:\users\fsumm\documents\block_b\raytracingproject\raytracingproject\x64\debug\source.obj
c:\users\fsumm\documents\block_b\raytracingproject\raytracingproject\x64\debug\triangle.obj
c:\users\fsumm\documents\block_b\raytracingproject\raytracingproject\x64\debug\sphere.obj
c:\users\fsumm\documents\block_b\raytracingproject\raytracingproject\x64\debug\shapes.obj
c:\users\fsumm\documents\block_b\raytracingproject\raytracingproject\x64\debug\plane.obj
c:\users\fsumm\documents\block_b\raytracingproject\raytracingproject\x64\debug\box.obj
c:\users\fsumm\documents\block_b\raytracingproject\raytracingproject\x64\debug\screen.obj
c:\users\fsumm\documents\block_b\raytracingproject\raytracingproject\x64\debug\objectmanager.obj
c:\users\fsumm\documents\block_b\raytracingproject\raytracingproject\x64\debug\lightsource.obj
c:\users\fsumm\documents\block_b\raytracingproject\raytracingproject\x64\debug\arealight.obj
c:\users\fsumm\documents\block_b\raytracingproject\raytracingproject\x64\debug\grid.obj
c:\users\fsumm\documents\block_b\raytracingproject\raytracingproject\x64\debug\raytracingproject.ilk
c:\users\fsumm\documents\block_b\raytracingproject\x64\debug\raytracingproject.exe
c:\users\fsumm\documents\block_b\raytracingproject\x64\debug\raytracingproject.pdb
c:\users\fsumm\documents\block_b\raytracingproject\raytracingproject\x64\debug\raytraci.daf1ca0f.tlog\cl.command.1.tlog
c:\users\fsumm\documents\block_b\raytracingproject\raytracingproject\x64\debug\raytraci.daf1ca0f.tlog\cl.read.1.tlog
c:\users\fsumm\documents\block_b\raytracingproject\raytracingproject\x64\debug\raytraci.daf1ca0f.tlog\cl.write.1.tlog
c:\users\fsumm\documents\block_b\raytracingproject\raytracingproject\x64\debug\raytraci.daf1ca0f.tlog\link.command.1.tlog
c:\users\fsumm\documents\block_b\raytracingproject\raytracingproject\x64\debug\raytraci.daf1ca0f.tlog\link.read.1.tlog
c:\users\fsumm\documents\block_b\raytracingproject\raytracingproject\x64\debug\raytraci.daf1ca0f.tlog\link.write.1.tlog
